4758058.800000
0.000000
47580588
8937 5324
1.560863
b134 0 0 177 705
b203 354 1657 580 2352
b215 7996 3320 8364 3534
b193 3208 4164 3515 4318
b308 5233 3228 5870 3450
b63 3419 1221 4163 1432
b262 4403 3767 4965 3962
b282 3223 2268 3599 2686
b269 568 4686 921 4818
b208 2223 2841 2615 3042
b289 2347 3641 3012 3876
b135 6398 1862 6665 2039
b115 2069 4680 2506 4967
b123 6898 3386 7324 3755
b244 5715 1889 6000 2054
b302 2934 1871 3152 2521
b190 435 4139 920 4430
b231 2495 920 3259 1125
b184 2293 3912 2562 4321
b5 3780 3891 4192 4273
b24 7476 3746 8067 3904
b95 6514 4083 6801 4467
b263 7970 1514 8209 2039
b61 177 0 357 699
b50 1468 1388 1640 1845
b71 6398 2039 6642 2296
b260 4702 1715 5323 1967
b162 6085 308 6305 737
b176 2628 264 2847 696
b159 3208 3762 3482 4164
b317 357 0 571 293
b168 8164 2763 8528 2891
b110 4608 3962 4777 4520
b226 6953 2629 7507 2913
b126 6362 2868 6898 3072
b81 987 636 1455 769
b149 7536 316 8005 482
b177 7842 2383 8292 2521
b212 2645 2659 2809 3138
b221 571 0 693 381
b104 2882 3876 3208 4165
b300 2912 2521 3223 2672
b12 6507 317 6906 631
b137 1812 173 2072 596
b213 8589 1258 8851 1858
b195 6184 4346 6414 4619
b78 2344 1465 2652 1874
b14 2293 4528 2603 4680
b256 693 0 987 426
b189 7095 3119 7447 3386
b99 2652 1465 2769 1867
b31 6362 2296 6511 2823
b157 987 0 1296 203
b130 5871 2054 6398 2292
b301 5960 882 6253 1150
b239 7447 4024 7574 4391
b142 1638 3387 2135 3702
b297 580 1659 1180 1920
b233 3878 5008 4227 5233
b107 1180 3947 1563 4358
b138 2495 1125 2952 1330
b148 1638 3912 2293 4128
b32 7324 5013 8045 5231
b25 8364 3052 8732 3307
b186 7764 4531 8020 4838
b67 785 1920 1069 2418
b26 1673 173 1812 625
b277 1296 0 1468 636
b180 1468 0 1673 461
b210 2496 2484 2628 2841
b268 8209 1514 8430 1868
b20 6953 2913 7095 3243
b311 8499 868 8903 1258
b96 7149 1605 7311 1895
b59 6414 4670 6914 4889
b121 5357 1718 5817 1889
b281 1563 4445 1860 4814
b214 7970 1286 8589 1514
b292 920 3084 1306 3247
b75 7294 1368 7892 1605
b257 5197 1090 5490 1304
b112 5271 602 5733 909
b258 6348 3782 6514 4346
b105 3152 1871 3429 2268
b284 4935 4055 5445 4240
b101 5871 2292 6089 2869
b228 3568 2933 4122 3132
b9 1673 0 2126 173
b7 2603 4528 2861 5077
b15 8067 3746 8240 4381
b274 6649 859 6912 1455
b291 2126 0 2344 648
b178 2344 0 2495 521
b306 2769 2113 2912 2659
b223 7311 2090 7603 2629
b220 2495 0 2628 468
b313 354 2882 537 3393
b183 315 4873 507 5280
b44 2628 0 2866 264
b299 3567 5097 3878 5298
b120 4777 3962 4935 4360
b106 5079 3450 5514 3811
b132 2866 0 3019 611
b309 4702 1967 5311 2147
b192 3482 3762 3847 3891
b252 5303 4805 5595 5020
b42 568 4430 1180 4686
b60 6665 1814 6837 2271
b144 531 2418 902 2714
b72 7095 2913 7476 3119
b234 7447 3904 7837 4024
b255 2913 611 3327 876
b35 5445 4464 6036 4677
b304 1180 1402 1400 2117
b117 1180 4358 1431 4983
b145 3019 0 3225 459
b94 3225 0 3419 323
b77 4198 4001 4358 4587
b276 3755 2468 4200 2644
b174 6305 631 6923 859
b119 8528 2313 8703 2849
b251 558 1189 738 1449
b133 3140 3594 3701 3762
b266 5117 909 5724 1090
b83 3419 0 3624 768
b310 1640 2959 1861 3387
b49 2549 5102 2981 5247
b79 7574 4024 7764 4763
b230 5817 1376 5981 1756
b43 4929 1090 5197 1499
b143 2562 4268 2864 4528
b267 7507 2635 7842 3009
b1 659 1449 1179 1659
b65 7447 4838 7987 5013
b167 5789 4677 6209 5014
b109 1762 1989 1933 2633
b158 6514 4467 7288 4670
b194 1468 461 1639 1103
b170 8005 146 8223 580
b57 4403 3962 4608 4653
b19 4500 2300 4707 2979
b242 0 4596 568 4873
b29 1840 1043 2076 1575
b38 5677 4044 6348 4254
b166 5303 4677 5789 4805
b229 8164 2891 8651 3052
b290 6189 3212 6357 3587
b6 6511 2296 6763 2730
b243 8455 4521 8795 4706
b74 5733 436 6085 882
b293 354 2352 531 2882
b316 7930 580 8164 1117
b48 2495 696 2913 920
b141 3862 2317 4379 2468
b196 3208 4537 3429 4892
b131 4702 1499 5357 1715
b283 5079 3811 5401 4055
b241 357 293 558 919
b245 3510 3132 3756 3450
b219 8164 999 8438 1286
b164 6914 4670 7059 5100
b179 3624 0 3898 574
b66 6801 4083 7301 4365
b111 6340 1287 6608 1462
b11 3898 0 4033 464
b80 4033 0 4302 582
b140 4302 0 4500 712
b240 648 3525 827 4139
b18 4500 0 4702 774
b272 2126 2113 2769 2284
b278 1455 1845 1638 2189
b37 3791 4273 4198 4388
b4 1306 3334 1460 3947
b294 8658 3307 8937 3701
b28 177 3858 504 4001
b76 5490 1090 5960 1224
b305 4140 2762 4353 3423
b288 4702 0 4929 554
b88 693 426 814 814
b139 8223 479 8348 854
b188 8291 3534 8527 4066
b152 5514 3450 5677 3736
b54 4929 0 5117 249
b89 177 3393 651 3525
b285 3307 2686 3881 2933
b70 1762 2652 2223 2959
b129 2135 3319 2347 3912
b85 6189 2940 6362 3212
b136 920 3247 1306 3491
b23 5677 1224 6192 1376
b100 6497 1462 6675 1814
b217 2861 4892 3457 5102
b154 6898 3755 7271 4049
b153 4785 2545 5036 3171
b187 571 814 948 1189
b211 3898 973 4403 1221
b103 5117 0 5271 508
b171 2912 2924 3288 3090
b275 1468 1229 1762 1388
b128 738 1189 1328 1402
b125 2912 3090 3140 3641
b93 3701 3450 4140 3736
b238 177 3525 648 3858
b114 5677 3450 5941 4044
b36 5271 0 5492 495
b16 1638 4128 2083 4445
b41 5492 0 5675 602
b47 3599 1989 3755 2493
b53 7536 482 7860 675
b206 3208 4318 3780 4537
b68 5675 0 5926 436
b156 651 2714 1033 3084
b270 1860 4445 2069 4972
b3 357 1449 659 1657
b173 5926 0 6335 308
b204 0 4001 197 4480
b151 6583 3572 6829 4083
b91 2344 1330 2692 1465
b146 6335 0 6507 365
b169 7294 1182 7970 1368
b97 5652 5014 6109 5288
b200 6507 0 6953 317
b227 7996 3534 8291 3746
b248 1639 625 1865 1043
b314 4440 3522 5079 3767
b108 8005 0 8543 146
b21 3288 3100 3510 3594
b98 6953 0 7149 321
b147 5407 2869 5894 3126
b202 2344 1874 2934 2113
b298 2126 648 2344 1226
b22 6340 1462 6497 1862
b216 5052 5020 5652 5282
b246 7149 0 7294 539
b52 580 1920 785 2304
b198 7842 2521 8165 2763
b185 4403 4969 5052 5163
b271 3259 1432 3878 1635
b2 921 4983 1483 5150
b205 987 769 1435 1050
b55 6414 4889 6594 5324
b118 8223 146 8647 479
b62 5323 2109 5871 2339
b236 1762 1575 2027 1989
b155 177 699 354 1231
b303 7311 1605 7602 2090
b280 7294 0 7536 519
b286 5233 2776 5407 3228
b56 8527 3786 8786 4272
b84 3791 4388 3968 5008
b307 1860 4972 2549 5199
b181 7603 1605 7810 2208
b13 197 4001 435 4596
b161 7294 519 7507 1182
b264 5357 1472 5677 1718
b199 5514 4254 6184 4464
b273 2135 3042 2645 3319
b218 8062 4521 8455 4921
b222 6000 1604 6294 2031
b113 8660 0 8885 628
b247 6192 1287 6340 1604
b287 651 3084 908 3450
b172 7476 3009 7996 3219
b39 8348 479 8499 999
b64 2126 2284 2598 2484
b296 3552 1635 3862 1989
b58 7536 0 7982 316
b259 7996 2763 8164 3320
b191 6192 1150 6649 1287
b197 3898 712 4440 973
b163 4186 1221 4398 1885
b73 3624 574 3755 1053
b182 2952 1125 3256 1642
b69 8292 2313 8468 2760
b116 7603 2208 7787 2635
b33 5357 1889 5715 2109
b225 0 4873 315 5323
b150 6357 3340 6897 3572
b40 4785 2300 5233 2545
b122 3862 1977 4186 2317
b254 8291 4272 8732 4521
b8 5197 1304 5664 1472
b86 3288 2933 3568 3100
b295 5052 4240 5303 4865
b261 4608 4520 4853 4969
b30 8499 479 8660 868
b232 8045 4921 8362 5317
b92 6763 2271 6947 2868
b207 8527 3307 8658 3786
b265 3457 4537 3567 4963
b315 2882 4165 3146 4761
b87 5323 2339 5539 2776
b250 7810 2239 8246 2383
b201 3567 4537 3791 5097
b17 4500 3309 4868 3522
b165 5941 3587 6583 3782
b209 4198 3423 4388 4001
b237 8430 1858 8775 2313
b51 1306 2876 1615 3334
b45 902 2418 1381 2648
b10 1865 596 2062 916
b224 2912 2686 3307 2924
b249 1933 2484 2496 2652
b175 6089 2292 6306 2940
b235 4702 2147 5111 2300
b312 1033 2648 1514 2876
b160 4500 2979 4785 3309
b279 1468 1103 1840 1229
b90 6362 3072 6832 3340
b127 2934 1642 3552 1871
b46 7837 3904 8062 4531
b124 5941 2940 6189 3383
b34 3878 1432 4137 1977
b27 2562 3876 2882 4268
b102 3881 2644 4281 2762
b253 7507 675 7930 1009
b82 7970 2039 8283 2239
