5222084.700000
1375983.000000
39837000
5250 7588
0.615194
M026 0 0 350 728
M016 882 6272 1204 7070
M018 854 1694 1246 2772
M033 2912 0 4802 952
M021 1596 6272 1988 7098
M008 4466 952 5110 2198
M025 350 0 672 784
M028 350 1176 1414 1694
M030 672 0 1974 728
M029 2912 2534 3906 3024
M044 0 3262 630 4564
M022 630 3262 994 4214
M048 2702 3458 4004 4186
M036 672 728 1666 1176
M009 3906 2198 4886 2660
M012 1190 3682 1988 4088
M017 1414 1176 1806 1932
M002 2912 952 4466 1624
M010 4802 0 5096 616
M042 1414 1932 1792 2100
M024 1246 2100 1512 2898
M046 350 1694 854 2898
M001 2016 4270 5250 5978
M015 882 7098 1722 7504
M006 0 5698 882 7560
M032 1974 0 2352 784
M035 0 4564 392 5418
M038 3906 2660 4872 3108
M049 1764 2170 2156 2912
M011 1190 3304 2016 3682
M040 4004 3108 4396 3976
M023 392 4564 882 5698
M003 994 4088 2002 6272
M039 4886 2198 5250 2982
M004 2002 5978 5082 7588
M041 2016 3304 2380 4158
M047 2912 3024 3724 3458
M045 4396 3108 5068 4270
M019 1204 6272 1596 7098
M043 2912 1624 3444 2534
M005 1806 784 2338 2170
M014 2296 2366 2702 3290
M013 2380 3290 2646 3962
M027 350 2898 1190 3262
M007 3444 1624 3794 2492
M020 1512 2100 1764 2898
M034 2352 1218 2912 2366
M037 2352 0 2912 1218
M031 1246 2912 2296 3304
