31911321.400000
1552383.000000
39501056
5264 7504
0.551357
M004 0 0 1610 3080
M014 1610 3360 2534 3766
M031 0 5026 392 6076
M047 3332 3766 4144 4200
M039 4886 4382 5250 5166
M018 0 4634 1078 5026
M015 1246 6216 2086 6622
M033 2604 728 3556 2618
M017 0 7056 756 7448
M008 0 6090 1246 6734
M032 2772 2618 3556 2996
M009 784 7014 1764 7476
M044 1778 1386 2408 2688
M002 0 3080 672 4634
M003 1456 3766 2464 5950
M001 3556 0 5264 3234
M011 3066 5936 3892 6314
M043 3332 3234 4242 3766
M006 3318 6510 5180 7392
M022 4886 5166 5250 6118
M005 2534 4718 3066 6104
M036 1778 0 2226 994
M030 672 3080 1400 4382
M016 1078 4382 1400 5180
M041 3682 4718 4536 5082
M012 3430 5530 4228 5936
M035 392 5698 1246 6090
M027 3066 5012 3430 5852
M007 2086 6216 2436 7084
M045 1610 2688 2772 3360
M023 2464 6104 2954 7238
M037 2772 2996 3332 4214
M019 1778 994 2604 1386
M021 4228 6118 5054 6510
M042 1610 0 1778 378
M048 2226 0 3528 728
M024 1988 7238 2786 7504
M025 0 6734 784 7056
M046 2772 4214 3976 4718
M034 4634 3234 5194 4382
M049 1246 6622 1988 7014
M038 3430 5082 4396 5530
M029 4396 5110 4886 6104
M040 4242 3234 4634 4102
M020 3066 6314 3318 7112
M028 392 5180 1456 5698
M013 1456 5950 2128 6216
M010 3066 4718 3682 5012
M026 4536 4382 4886 5110
