698530.500000
105911.000000
1291150
1190 1085
0.620136
bk9d 0 0 84 119
bk18 84 567 287 749
bk9c 1057 161 1176 518
bk5a 315 119 455 252
bk13 462 0 602 497
bk10a 84 0 462 119
bk1 322 427 455 763
bk9b 84 252 203 371
bk15b 735 0 1071 119
bk14b 938 259 1057 553
bk21 735 119 1050 259
bk10c 455 686 574 735
bk8a 602 294 812 504
bk5c 84 119 315 252
bk15a 364 938 630 1057
bk16 567 819 693 938
bk6 693 819 1008 952
bk9a 203 252 322 434
bk2 602 0 735 294
bk12 161 763 567 903
bk14a 84 371 203 567
bk3 574 686 889 819
bk20 462 504 812 686
bk17a 1008 553 1190 924
bk8b 812 259 938 637
bk17b 161 903 364 1085
bk11 0 889 119 1064
bk10b 0 749 161 889
bk5b 322 252 455 427
bk7 889 637 987 819
bk4 630 952 1190 1085
bk14c 1071 0 1190 161
bk19 203 434 322 518
